0 info it worked if it ends with ok
1 verbose cli [ 'C:\\Program Files\\nodejs\\node.exe',
1 verbose cli   'C:\\Program Files\\nodejs\\node_modules\\npm\\bin\\npm-cli.js',
1 verbose cli   'start' ]
2 info using npm@3.10.10
3 info using node@v6.11.3
4 verbose run-script [ 'prestart', 'start', 'poststart' ]
5 info lifecycle apm@0.0.0~prestart: apm@0.0.0
6 silly lifecycle apm@0.0.0~prestart: no script for prestart, continuing
7 info lifecycle apm@0.0.0~start: apm@0.0.0
8 verbose lifecycle apm@0.0.0~start: unsafe-perm in lifecycle true
9 verbose lifecycle apm@0.0.0~start: PATH: C:\Program Files\nodejs\node_modules\npm\bin\node-gyp-bin;C:\Users\emerson.junior.silva\Documents\workspace\Labs\javascript\plural-angular-4\APM-Start\node_modules\.bin;C:\Users\emerson.junior.silva\Downloads\cmder_mini\bin;C:\Users\emerson.junior.silva\Downloads\cmder_mini\vendor\conemu-maximus5\ConEmu\Scripts;C:\Users\emerson.junior.silva\Downloads\cmder_mini\vendor\conemu-maximus5;C:\Users\emerson.junior.silva\Downloads\cmder_mini\vendor\conemu-maximus5\ConEmu;C:\ProgramData\Oracle\Java\javapath;C:\windows\system32;C:\windows;C:\windows\System32\Wbem;C:\windows\System32\WindowsPowerShell\v1.0\;C:\Program Files\nodejs\;C:\Program Files\PuTTY\;C:\Ruby24-x64\bin;C:\Users\emerson.junior.silva\AppData\Local\Microsoft\WindowsApps;C:\Users\emerson.junior.silva\AppData\Local\Programs\Git\cmd;C:\Users\emerson.junior.silva\AppData\Roaming\npm;C:\Program Files\Microsoft VS Code\bin;C:\Users\emerson.junior.silva\AppData\Local\Programs\Git\usr\bin;C:\Users\emerson.junior.silva\AppData\Local\Programs\Git\usr\share\vim\vim74;C:\Users\emerson.junior.silva\Downloads\cmder_mini\
10 verbose lifecycle apm@0.0.0~start: CWD: C:\Users\emerson.junior.silva\Documents\workspace\Labs\javascript\plural-angular-4\APM-Start
11 silly lifecycle apm@0.0.0~start: Args: [ '/d /s /c', 'ng serve -o' ]
12 silly lifecycle apm@0.0.0~start: Returned: code: 3221225786  signal: null
13 info lifecycle apm@0.0.0~start: Failed to exec start script
14 verbose stack Error: apm@0.0.0 start: `ng serve -o`
14 verbose stack Exit status 3221225786
14 verbose stack     at EventEmitter.<anonymous> (C:\Program Files\nodejs\node_modules\npm\lib\utils\lifecycle.js:255:16)
14 verbose stack     at emitTwo (events.js:106:13)
14 verbose stack     at EventEmitter.emit (events.js:191:7)
14 verbose stack     at ChildProcess.<anonymous> (C:\Program Files\nodejs\node_modules\npm\lib\utils\spawn.js:40:14)
14 verbose stack     at emitTwo (events.js:106:13)
14 verbose stack     at ChildProcess.emit (events.js:191:7)
14 verbose stack     at maybeClose (internal/child_process.js:920:16)
14 verbose stack     at Process.ChildProcess._handle.onexit (internal/child_process.js:230:5)
15 verbose pkgid apm@0.0.0
16 verbose cwd C:\Users\emerson.junior.silva\Documents\workspace\Labs\javascript\plural-angular-4\APM-Start
17 error Windows_NT 10.0.14393
18 error argv "C:\\Program Files\\nodejs\\node.exe" "C:\\Program Files\\nodejs\\node_modules\\npm\\bin\\npm-cli.js" "start"
19 error node v6.11.3
20 error npm  v3.10.10
21 error code ELIFECYCLE
22 error apm@0.0.0 start: `ng serve -o`
22 error Exit status 3221225786
23 error Failed at the apm@0.0.0 start script 'ng serve -o'.
23 error Make sure you have the latest version of node.js and npm installed.
23 error If you do, this is most likely a problem with the apm package,
23 error not with npm itself.
23 error Tell the author that this fails on your system:
23 error     ng serve -o
23 error You can get information on how to open an issue for this project with:
23 error     npm bugs apm
23 error Or if that isn't available, you can get their info via:
23 error     npm owner ls apm
23 error There is likely additional logging output above.
24 verbose exit [ 1, true ]
